2024-08-06T17:10:49.309+09:00  INFO 10756 --- [FLUX] [main] com.flux.FluxApplication                 : Starting FluxApplication using Java 17.0.10 with PID 10756 (C:\Users\USER\Desktop\Flux_BackServer\build\classes\java\main started by USER in C:\Users\USER\Desktop\Flux_BackServer)
2024-08-06T17:10:49.313+09:00  INFO 10756 --- [FLUX] [main] com.flux.FluxApplication                 : No active profile set, falling back to 1 default profile: "default"
2024-08-06T17:10:50.572+09:00  INFO 10756 --- [FLUX] [main] .s.d.r.c.RepositoryConfigurationDelegate : Bootstrapping Spring Data JPA repositories in DEFAULT mode.
2024-08-06T17:10:50.679+09:00  INFO 10756 --- [FLUX] [main] .s.d.r.c.RepositoryConfigurationDelegate : Finished Spring Data repository scanning in 93 ms. Found 4 JPA repository interfaces.
2024-08-06T17:10:51.578+09:00  INFO 10756 --- [FLUX] [main] o.s.b.w.embedded.tomcat.TomcatWebServer  : Tomcat initialized with port 8080 (http)
2024-08-06T17:10:51.641+09:00  INFO 10756 --- [FLUX] [main] o.apache.catalina.core.StandardService   : Starting service [Tomcat]
2024-08-06T17:10:51.641+09:00  INFO 10756 --- [FLUX] [main] o.apache.catalina.core.StandardEngine    : Starting Servlet engine: [Apache Tomcat/10.1.26]
2024-08-06T17:10:51.738+09:00  INFO 10756 --- [FLUX] [main] o.a.c.c.C.[Tomcat].[localhost].[/]       : Initializing Spring embedded WebApplicationContext
2024-08-06T17:10:51.738+09:00  INFO 10756 --- [FLUX] [main] w.s.c.ServletWebServerApplicationContext : Root WebApplicationContext: initialization completed in 2318 ms
2024-08-06T17:10:51.989+09:00  INFO 10756 --- [FLUX] [main] o.hibernate.jpa.internal.util.LogHelper  : HHH000204: Processing PersistenceUnitInfo [name: default]
2024-08-06T17:10:52.109+09:00  INFO 10756 --- [FLUX] [main] org.hibernate.Version                    : HHH000412: Hibernate ORM core version 6.5.2.Final
2024-08-06T17:10:52.174+09:00  INFO 10756 --- [FLUX] [main] o.h.c.internal.RegionFactoryInitiator    : HHH000026: Second-level cache disabled
2024-08-06T17:10:52.802+09:00  INFO 10756 --- [FLUX] [main] o.s.o.j.p.SpringPersistenceUnitInfo      : No LoadTimeWeaver setup: ignoring JPA class transformer
2024-08-06T17:10:52.861+09:00  INFO 10756 --- [FLUX] [main] com.zaxxer.hikari.HikariDataSource       : HikariPool-1 - Starting...
2024-08-06T17:10:53.632+09:00  INFO 10756 --- [FLUX] [main] com.zaxxer.hikari.pool.HikariPool        : HikariPool-1 - Added connection com.mysql.cj.jdbc.ConnectionImpl@10b447b
2024-08-06T17:10:53.636+09:00  INFO 10756 --- [FLUX] [main] com.zaxxer.hikari.HikariDataSource       : HikariPool-1 - Start completed.
2024-08-06T17:10:53.838+09:00  WARN 10756 --- [FLUX] [main] org.hibernate.orm.deprecation            : HHH90000025: MySQLDialect does not need to be specified explicitly using 'hibernate.dialect' (remove the property setting and it will be selected by default)
2024-08-06T17:10:55.537+09:00  INFO 10756 --- [FLUX] [main] o.h.e.t.j.p.i.JtaPlatformInitiator       : HHH000489: No JTA platform available (set 'hibernate.transaction.jta.platform' to enable JTA platform integration)
2024-08-06T17:10:56.120+09:00  INFO 10756 --- [FLUX] [main] j.LocalContainerEntityManagerFactoryBean : Initialized JPA EntityManagerFactory for persistence unit 'default'
2024-08-06T17:10:56.871+09:00  WARN 10756 --- [FLUX] [main] JpaBaseConfiguration$JpaWebConfiguration : spring.jpa.open-in-view is enabled by default. Therefore, database queries may be performed during view rendering. Explicitly configure spring.jpa.open-in-view to disable this warning
2024-08-06T17:10:57.752+09:00  INFO 10756 --- [FLUX] [main] o.s.b.w.embedded.tomcat.TomcatWebServer  : Tomcat started on port 8080 (http) with context path '/'
2024-08-06T17:10:57.772+09:00  INFO 10756 --- [FLUX] [main] com.flux.FluxApplication                 : Started FluxApplication in 9.674 seconds (process running for 12.64)
2024-08-06T17:12:03.573+09:00  INFO 10756 --- [FLUX] [http-nio-8080-exec-1] o.a.c.c.C.[Tomcat].[localhost].[/]       : Initializing Spring DispatcherServlet 'dispatcherServlet'
2024-08-06T17:12:03.594+09:00  INFO 10756 --- [FLUX] [http-nio-8080-exec-1] o.s.web.servlet.DispatcherServlet        : Initializing Servlet 'dispatcherServlet'
2024-08-06T17:12:03.709+09:00  INFO 10756 --- [FLUX] [http-nio-8080-exec-1] o.s.web.servlet.DispatcherServlet        : Completed initialization in 113 ms
2024-08-06T17:12:04.653+09:00  WARN 10756 --- [FLUX] [http-nio-8080-exec-2] .w.s.m.s.DefaultHandlerExceptionResolver : Resolved [org.springframework.http.converter.HttpMessageNotReadableException: JSON parse error: Cannot deserialize value of type `java.time.LocalDateTime` from String "2024-08-06T08:12:01.961Z": Failed to deserialize java.time.LocalDateTime: (java.time.format.DateTimeParseException) Text '2024-08-06T08:12:01.961Z' could not be parsed, unparsed text found at index 19]
2024-08-06T17:20:49.805+09:00  INFO 10756 --- [FLUX] [http-nio-8080-exec-3] c.f.notice.controller.NoticeController   : Received NoticeDTO: NoticeDTO{userId=null, noticeTitle='null', noticeContent='null', noticeCreateAt=null, noticeUpdateAt=null}
2024-08-06T17:20:50.067+09:00  INFO 10756 --- [FLUX] [http-nio-8080-exec-3] com.flux.notice.service.NoticeService    : Creating notice: Notice{noticeId=null, userId=null, noticeTitle='null', noticeContent='null', noticeCreateAt=2024-08-06T17:20:50.067582900, noticeUpdateAt=2024-08-06T17:20:50.067582900}
2024-08-06T17:22:32.169+09:00  INFO 10756 --- [FLUX] [http-nio-8080-exec-9] com.flux.notice.service.NoticeService    : Updating notice: Notice{noticeId=1, userId=null, noticeTitle='null', noticeContent='null', noticeCreateAt=null, noticeUpdateAt=2024-08-06T17:22:32.169740800}
2024-08-06T17:22:36.797+09:00  INFO 10756 --- [FLUX] [http-nio-8080-exec-4] com.flux.notice.service.NoticeService    : Updating notice: Notice{noticeId=1, userId=null, noticeTitle='null', noticeContent='null', noticeCreateAt=null, noticeUpdateAt=2024-08-06T17:22:36.797903500}
2024-08-06T17:22:41.115+09:00  INFO 10756 --- [FLUX] [http-nio-8080-exec-7] com.flux.notice.service.NoticeService    : Updating notice: Notice{noticeId=1, userId=null, noticeTitle='null', noticeContent='null', noticeCreateAt=null, noticeUpdateAt=2024-08-06T17:22:41.114392500}
2024-08-06T17:45:58.829+09:00  INFO 10756 --- [FLUX] [SpringApplicationShutdownHook] j.LocalContainerEntityManagerFactoryBean : Closing JPA EntityManagerFactory for persistence unit 'default'
2024-08-06T17:46:01.847+09:00  INFO 10756 --- [FLUX] [SpringApplicationShutdownHook] com.zaxxer.hikari.HikariDataSource       : HikariPool-1 - Shutdown initiated...
2024-08-06T17:46:02.495+09:00  INFO 10756 --- [FLUX] [SpringApplicationShutdownHook] com.zaxxer.hikari.HikariDataSource       : HikariPool-1 - Shutdown completed.
2024-08-06T17:47:16.328+09:00  INFO 4140 --- [FLUX] [main] com.flux.FluxApplication                 : Starting FluxApplication using Java 17.0.10 with PID 4140 (C:\Users\USER\Desktop\Flux_BackServer\build\classes\java\main started by USER in C:\Users\USER\Desktop\Flux_BackServer)
2024-08-06T17:47:16.335+09:00  INFO 4140 --- [FLUX] [main] com.flux.FluxApplication                 : No active profile set, falling back to 1 default profile: "default"
2024-08-06T17:47:17.633+09:00  INFO 4140 --- [FLUX] [main] .s.d.r.c.RepositoryConfigurationDelegate : Bootstrapping Spring Data JPA repositories in DEFAULT mode.
2024-08-06T17:47:17.750+09:00  INFO 4140 --- [FLUX] [main] .s.d.r.c.RepositoryConfigurationDelegate : Finished Spring Data repository scanning in 101 ms. Found 4 JPA repository interfaces.
2024-08-06T17:47:18.804+09:00  INFO 4140 --- [FLUX] [main] o.s.b.w.embedded.tomcat.TomcatWebServer  : Tomcat initialized with port 8080 (http)
2024-08-06T17:47:18.851+09:00  INFO 4140 --- [FLUX] [main] o.apache.catalina.core.StandardService   : Starting service [Tomcat]
2024-08-06T17:47:18.852+09:00  INFO 4140 --- [FLUX] [main] o.apache.catalina.core.StandardEngine    : Starting Servlet engine: [Apache Tomcat/10.1.26]
2024-08-06T17:47:19.062+09:00  INFO 4140 --- [FLUX] [main] o.a.c.c.C.[Tomcat].[localhost].[/]       : Initializing Spring embedded WebApplicationContext
2024-08-06T17:47:19.063+09:00  INFO 4140 --- [FLUX] [main] w.s.c.ServletWebServerApplicationContext : Root WebApplicationContext: initialization completed in 2654 ms
2024-08-06T17:47:19.660+09:00  INFO 4140 --- [FLUX] [main] o.hibernate.jpa.internal.util.LogHelper  : HHH000204: Processing PersistenceUnitInfo [name: default]
2024-08-06T17:47:19.786+09:00  INFO 4140 --- [FLUX] [main] org.hibernate.Version                    : HHH000412: Hibernate ORM core version 6.5.2.Final
2024-08-06T17:47:19.854+09:00  INFO 4140 --- [FLUX] [main] o.h.c.internal.RegionFactoryInitiator    : HHH000026: Second-level cache disabled
2024-08-06T17:47:20.867+09:00  INFO 4140 --- [FLUX] [main] o.s.o.j.p.SpringPersistenceUnitInfo      : No LoadTimeWeaver setup: ignoring JPA class transformer
2024-08-06T17:47:21.021+09:00  INFO 4140 --- [FLUX] [main] com.zaxxer.hikari.HikariDataSource       : HikariPool-1 - Starting...
2024-08-06T17:47:21.950+09:00  INFO 4140 --- [FLUX] [main] com.zaxxer.hikari.pool.HikariPool        : HikariPool-1 - Added connection com.mysql.cj.jdbc.ConnectionImpl@165a203
2024-08-06T17:47:21.954+09:00  INFO 4140 --- [FLUX] [main] com.zaxxer.hikari.HikariDataSource       : HikariPool-1 - Start completed.
2024-08-06T17:47:22.151+09:00  WARN 4140 --- [FLUX] [main] org.hibernate.orm.deprecation            : HHH90000025: MySQLDialect does not need to be specified explicitly using 'hibernate.dialect' (remove the property setting and it will be selected by default)
2024-08-06T17:47:25.200+09:00  INFO 4140 --- [FLUX] [main] o.h.e.t.j.p.i.JtaPlatformInitiator       : HHH000489: No JTA platform available (set 'hibernate.transaction.jta.platform' to enable JTA platform integration)
2024-08-06T17:47:25.997+09:00  INFO 4140 --- [FLUX] [main] j.LocalContainerEntityManagerFactoryBean : Initialized JPA EntityManagerFactory for persistence unit 'default'
2024-08-06T17:47:27.028+09:00  WARN 4140 --- [FLUX] [main] JpaBaseConfiguration$JpaWebConfiguration : spring.jpa.open-in-view is enabled by default. Therefore, database queries may be performed during view rendering. Explicitly configure spring.jpa.open-in-view to disable this warning
2024-08-06T17:47:28.021+09:00  INFO 4140 --- [FLUX] [main] o.s.b.w.embedded.tomcat.TomcatWebServer  : Tomcat started on port 8080 (http) with context path '/'
2024-08-06T17:47:28.037+09:00  INFO 4140 --- [FLUX] [main] com.flux.FluxApplication                 : Started FluxApplication in 12.663 seconds (process running for 14.609)
2024-08-06T17:49:25.425+09:00  INFO 4140 --- [FLUX] [http-nio-8080-exec-1] o.a.c.c.C.[Tomcat].[localhost].[/]       : Initializing Spring DispatcherServlet 'dispatcherServlet'
2024-08-06T17:49:25.458+09:00  INFO 4140 --- [FLUX] [http-nio-8080-exec-1] o.s.web.servlet.DispatcherServlet        : Initializing Servlet 'dispatcherServlet'
2024-08-06T17:49:25.512+09:00  INFO 4140 --- [FLUX] [http-nio-8080-exec-1] o.s.web.servlet.DispatcherServlet        : Completed initialization in 53 ms
2024-08-06T17:49:38.020+09:00  WARN 4140 --- [FLUX] [http-nio-8080-exec-4] .w.s.m.s.DefaultHandlerExceptionResolver : Resolved [org.springframework.http.converter.HttpMessageNotReadableException: JSON parse error: Cannot deserialize value of type `java.time.LocalDateTime` from String "2024-08-06T08:49:37.752Z": Failed to deserialize java.time.LocalDateTime: (java.time.format.DateTimeParseException) Text '2024-08-06T08:49:37.752Z' could not be parsed, unparsed text found at index 19]
2024-08-06T18:01:21.823+09:00  INFO 4140 --- [FLUX] [SpringApplicationShutdownHook] j.LocalContainerEntityManagerFactoryBean : Closing JPA EntityManagerFactory for persistence unit 'default'
2024-08-06T18:01:22.759+09:00  INFO 4140 --- [FLUX] [SpringApplicationShutdownHook] com.zaxxer.hikari.HikariDataSource       : HikariPool-1 - Shutdown initiated...
2024-08-06T18:01:22.992+09:00  INFO 4140 --- [FLUX] [SpringApplicationShutdownHook] com.zaxxer.hikari.HikariDataSource       : HikariPool-1 - Shutdown completed.
2024-08-06T18:01:39.498+09:00  INFO 14796 --- [FLUX] [main] com.flux.FluxApplication                 : Starting FluxApplication using Java 17.0.10 with PID 14796 (C:\Users\USER\Desktop\Flux_BackServer\build\classes\java\main started by USER in C:\Users\USER\Desktop\Flux_BackServer)
2024-08-06T18:01:39.504+09:00  INFO 14796 --- [FLUX] [main] com.flux.FluxApplication                 : No active profile set, falling back to 1 default profile: "default"
2024-08-06T18:01:41.385+09:00  INFO 14796 --- [FLUX] [main] .s.d.r.c.RepositoryConfigurationDelegate : Bootstrapping Spring Data JPA repositories in DEFAULT mode.
2024-08-06T18:01:41.500+09:00  INFO 14796 --- [FLUX] [main] .s.d.r.c.RepositoryConfigurationDelegate : Finished Spring Data repository scanning in 99 ms. Found 4 JPA repository interfaces.
2024-08-06T18:01:42.733+09:00  INFO 14796 --- [FLUX] [main] o.s.b.w.embedded.tomcat.TomcatWebServer  : Tomcat initialized with port 8080 (http)
2024-08-06T18:01:42.851+09:00  INFO 14796 --- [FLUX] [main] o.apache.catalina.core.StandardService   : Starting service [Tomcat]
2024-08-06T18:01:42.852+09:00  INFO 14796 --- [FLUX] [main] o.apache.catalina.core.StandardEngine    : Starting Servlet engine: [Apache Tomcat/10.1.26]
2024-08-06T18:01:43.149+09:00  INFO 14796 --- [FLUX] [main] o.a.c.c.C.[Tomcat].[localhost].[/]       : Initializing Spring embedded WebApplicationContext
2024-08-06T18:01:43.149+09:00  INFO 14796 --- [FLUX] [main] w.s.c.ServletWebServerApplicationContext : Root WebApplicationContext: initialization completed in 3473 ms
2024-08-06T18:01:43.692+09:00  INFO 14796 --- [FLUX] [main] o.hibernate.jpa.internal.util.LogHelper  : HHH000204: Processing PersistenceUnitInfo [name: default]
2024-08-06T18:01:43.867+09:00  INFO 14796 --- [FLUX] [main] org.hibernate.Version                    : HHH000412: Hibernate ORM core version 6.5.2.Final
2024-08-06T18:01:43.953+09:00  INFO 14796 --- [FLUX] [main] o.h.c.internal.RegionFactoryInitiator    : HHH000026: Second-level cache disabled
2024-08-06T18:01:44.808+09:00  INFO 14796 --- [FLUX] [main] o.s.o.j.p.SpringPersistenceUnitInfo      : No LoadTimeWeaver setup: ignoring JPA class transformer
2024-08-06T18:01:44.886+09:00  INFO 14796 --- [FLUX] [main] com.zaxxer.hikari.HikariDataSource       : HikariPool-1 - Starting...
2024-08-06T18:01:45.643+09:00  INFO 14796 --- [FLUX] [main] com.zaxxer.hikari.pool.HikariPool        : HikariPool-1 - Added connection com.mysql.cj.jdbc.ConnectionImpl@1978ab9
2024-08-06T18:01:45.648+09:00  INFO 14796 --- [FLUX] [main] com.zaxxer.hikari.HikariDataSource       : HikariPool-1 - Start completed.
2024-08-06T18:01:45.829+09:00  WARN 14796 --- [FLUX] [main] org.hibernate.orm.deprecation            : HHH90000025: MySQLDialect does not need to be specified explicitly using 'hibernate.dialect' (remove the property setting and it will be selected by default)
2024-08-06T18:01:47.398+09:00  INFO 14796 --- [FLUX] [main] o.h.e.t.j.p.i.JtaPlatformInitiator       : HHH000489: No JTA platform available (set 'hibernate.transaction.jta.platform' to enable JTA platform integration)
2024-08-06T18:01:47.796+09:00  INFO 14796 --- [FLUX] [main] j.LocalContainerEntityManagerFactoryBean : Initialized JPA EntityManagerFactory for persistence unit 'default'
2024-08-06T18:01:48.620+09:00  WARN 14796 --- [FLUX] [main] JpaBaseConfiguration$JpaWebConfiguration : spring.jpa.open-in-view is enabled by default. Therefore, database queries may be performed during view rendering. Explicitly configure spring.jpa.open-in-view to disable this warning
2024-08-06T18:01:49.619+09:00  INFO 14796 --- [FLUX] [main] o.s.b.w.embedded.tomcat.TomcatWebServer  : Tomcat started on port 8080 (http) with context path '/'
2024-08-06T18:01:49.633+09:00  INFO 14796 --- [FLUX] [main] com.flux.FluxApplication                 : Started FluxApplication in 11.332 seconds (process running for 13.996)
2024-08-06T18:02:04.567+09:00  INFO 14796 --- [FLUX] [http-nio-8080-exec-2] o.a.c.c.C.[Tomcat].[localhost].[/]       : Initializing Spring DispatcherServlet 'dispatcherServlet'
2024-08-06T18:02:04.567+09:00  INFO 14796 --- [FLUX] [http-nio-8080-exec-2] o.s.web.servlet.DispatcherServlet        : Initializing Servlet 'dispatcherServlet'
2024-08-06T18:02:04.569+09:00  INFO 14796 --- [FLUX] [http-nio-8080-exec-2] o.s.web.servlet.DispatcherServlet        : Completed initialization in 1 ms
2024-08-06T18:02:10.746+09:00  WARN 14796 --- [FLUX] [http-nio-8080-exec-3] .w.s.m.s.DefaultHandlerExceptionResolver : Resolved [org.springframework.http.converter.HttpMessageNotReadableException: JSON parse error: Cannot deserialize value of type `java.time.LocalDateTime` from String "2024-08-06T09:02:10.602Z": Failed to deserialize java.time.LocalDateTime: (java.time.format.DateTimeParseException) Text '2024-08-06T09:02:10.602Z' could not be parsed, unparsed text found at index 19]
2024-08-06T18:03:42.580+09:00  WARN 14796 --- [FLUX] [http-nio-8080-exec-5] .w.s.m.s.DefaultHandlerExceptionResolver : Resolved [org.springframework.http.converter.HttpMessageNotReadableException: JSON parse error: Cannot deserialize value of type `java.time.LocalDateTime` from String "2024-08-06T09:03:41.986Z": Failed to deserialize java.time.LocalDateTime: (java.time.format.DateTimeParseException) Text '2024-08-06T09:03:41.986Z' could not be parsed, unparsed text found at index 19]
2024-08-06T18:08:13.541+09:00  WARN 14796 --- [FLUX] [http-nio-8080-exec-7] .w.s.m.s.DefaultHandlerExceptionResolver : Resolved [org.springframework.http.converter.HttpMessageNotReadableException: JSON parse error: Cannot deserialize value of type `java.time.LocalDateTime` from String "2024-08-06T09:08:12.963Z": Failed to deserialize java.time.LocalDateTime: (java.time.format.DateTimeParseException) Text '2024-08-06T09:08:12.963Z' could not be parsed, unparsed text found at index 19]
2024-08-06T18:11:23.173+09:00  WARN 14796 --- [FLUX] [http-nio-8080-exec-4] .w.s.m.s.DefaultHandlerExceptionResolver : Resolved [org.springframework.http.converter.HttpMessageNotReadableException: JSON parse error: Cannot deserialize value of type `java.time.LocalDateTime` from String "2024-08-06T09:11:23.138Z": Failed to deserialize java.time.LocalDateTime: (java.time.format.DateTimeParseException) Text '2024-08-06T09:11:23.138Z' could not be parsed, unparsed text found at index 19]
2024-08-06T18:11:24.452+09:00  WARN 14796 --- [FLUX] [http-nio-8080-exec-3] .w.s.m.s.DefaultHandlerExceptionResolver : Resolved [org.springframework.http.converter.HttpMessageNotReadableException: JSON parse error: Cannot deserialize value of type `java.time.LocalDateTime` from String "2024-08-06T09:11:24.446Z": Failed to deserialize java.time.LocalDateTime: (java.time.format.DateTimeParseException) Text '2024-08-06T09:11:24.446Z' could not be parsed, unparsed text found at index 19]
2024-08-06T18:11:25.913+09:00  WARN 14796 --- [FLUX] [http-nio-8080-exec-5] .w.s.m.s.DefaultHandlerExceptionResolver : Resolved [org.springframework.http.converter.HttpMessageNotReadableException: JSON parse error: Cannot deserialize value of type `java.time.LocalDateTime` from String "2024-08-06T09:11:25.903Z": Failed to deserialize java.time.LocalDateTime: (java.time.format.DateTimeParseException) Text '2024-08-06T09:11:25.903Z' could not be parsed, unparsed text found at index 19]
2024-08-06T18:11:26.060+09:00  WARN 14796 --- [FLUX] [http-nio-8080-exec-6] .w.s.m.s.DefaultHandlerExceptionResolver : Resolved [org.springframework.http.converter.HttpMessageNotReadableException: JSON parse error: Cannot deserialize value of type `java.time.LocalDateTime` from String "2024-08-06T09:11:26.055Z": Failed to deserialize java.time.LocalDateTime: (java.time.format.DateTimeParseException) Text '2024-08-06T09:11:26.055Z' could not be parsed, unparsed text found at index 19]
2024-08-06T18:15:21.900+09:00  WARN 14796 --- [FLUX] [http-nio-8080-exec-2] .w.s.m.s.DefaultHandlerExceptionResolver : Resolved [org.springframework.http.converter.HttpMessageNotReadableException: JSON parse error: Cannot deserialize value of type `java.time.LocalDateTime` from String "2024-08-06T09:15:21.839Z": Failed to deserialize java.time.LocalDateTime: (java.time.format.DateTimeParseException) Text '2024-08-06T09:15:21.839Z' could not be parsed, unparsed text found at index 19]
2024-08-06T18:15:37.171+09:00  WARN 14796 --- [FLUX] [http-nio-8080-exec-2] .w.s.m.s.DefaultHandlerExceptionResolver : Resolved [org.springframework.http.converter.HttpMessageNotReadableException: JSON parse error: Cannot deserialize value of type `java.time.LocalDateTime` from String "2024-08-06T09:15:37.160Z": Failed to deserialize java.time.LocalDateTime: (java.time.format.DateTimeParseException) Text '2024-08-06T09:15:37.160Z' could not be parsed, unparsed text found at index 19]
2024-08-06T18:15:38.113+09:00  WARN 14796 --- [FLUX] [http-nio-8080-exec-1] .w.s.m.s.DefaultHandlerExceptionResolver : Resolved [org.springframework.http.converter.HttpMessageNotReadableException: JSON parse error: Cannot deserialize value of type `java.time.LocalDateTime` from String "2024-08-06T09:15:38.108Z": Failed to deserialize java.time.LocalDateTime: (java.time.format.DateTimeParseException) Text '2024-08-06T09:15:38.108Z' could not be parsed, unparsed text found at index 19]
2024-08-06T18:15:38.298+09:00  WARN 14796 --- [FLUX] [http-nio-8080-exec-4] .w.s.m.s.DefaultHandlerExceptionResolver : Resolved [org.springframework.http.converter.HttpMessageNotReadableException: JSON parse error: Cannot deserialize value of type `java.time.LocalDateTime` from String "2024-08-06T09:15:38.288Z": Failed to deserialize java.time.LocalDateTime: (java.time.format.DateTimeParseException) Text '2024-08-06T09:15:38.288Z' could not be parsed, unparsed text found at index 19]
2024-08-06T18:15:38.444+09:00  WARN 14796 --- [FLUX] [http-nio-8080-exec-3] .w.s.m.s.DefaultHandlerExceptionResolver : Resolved [org.springframework.http.converter.HttpMessageNotReadableException: JSON parse error: Cannot deserialize value of type `java.time.LocalDateTime` from String "2024-08-06T09:15:38.438Z": Failed to deserialize java.time.LocalDateTime: (java.time.format.DateTimeParseException) Text '2024-08-06T09:15:38.438Z' could not be parsed, unparsed text found at index 19]
2024-08-06T18:15:56.565+09:00  WARN 14796 --- [FLUX] [http-nio-8080-exec-6] .w.s.m.s.DefaultHandlerExceptionResolver : Resolved [org.springframework.http.converter.HttpMessageNotReadableException: JSON parse error: Cannot deserialize value of type `java.time.LocalDateTime` from String "2024-08-06T09:15:56.542Z": Failed to deserialize java.time.LocalDateTime: (java.time.format.DateTimeParseException) Text '2024-08-06T09:15:56.542Z' could not be parsed, unparsed text found at index 19]
2024-08-06T18:15:57.211+09:00  WARN 14796 --- [FLUX] [http-nio-8080-exec-7] .w.s.m.s.DefaultHandlerExceptionResolver : Resolved [org.springframework.http.converter.HttpMessageNotReadableException: JSON parse error: Cannot deserialize value of type `java.time.LocalDateTime` from String "2024-08-06T09:15:57.204Z": Failed to deserialize java.time.LocalDateTime: (java.time.format.DateTimeParseException) Text '2024-08-06T09:15:57.204Z' could not be parsed, unparsed text found at index 19]
2024-08-06T18:15:57.367+09:00  WARN 14796 --- [FLUX] [http-nio-8080-exec-8] .w.s.m.s.DefaultHandlerExceptionResolver : Resolved [org.springframework.http.converter.HttpMessageNotReadableException: JSON parse error: Cannot deserialize value of type `java.time.LocalDateTime` from String "2024-08-06T09:15:57.360Z": Failed to deserialize java.time.LocalDateTime: (java.time.format.DateTimeParseException) Text '2024-08-06T09:15:57.360Z' could not be parsed, unparsed text found at index 19]
2024-08-06T18:15:57.523+09:00  WARN 14796 --- [FLUX] [http-nio-8080-exec-9] .w.s.m.s.DefaultHandlerExceptionResolver : Resolved [org.springframework.http.converter.HttpMessageNotReadableException: JSON parse error: Cannot deserialize value of type `java.time.LocalDateTime` from String "2024-08-06T09:15:57.516Z": Failed to deserialize java.time.LocalDateTime: (java.time.format.DateTimeParseException) Text '2024-08-06T09:15:57.516Z' could not be parsed, unparsed text found at index 19]
2024-08-06T18:15:57.645+09:00  WARN 14796 --- [FLUX] [http-nio-8080-exec-10] .w.s.m.s.DefaultHandlerExceptionResolver : Resolved [org.springframework.http.converter.HttpMessageNotReadableException: JSON parse error: Cannot deserialize value of type `java.time.LocalDateTime` from String "2024-08-06T09:15:57.640Z": Failed to deserialize java.time.LocalDateTime: (java.time.format.DateTimeParseException) Text '2024-08-06T09:15:57.640Z' could not be parsed, unparsed text found at index 19]
2024-08-06T18:15:57.776+09:00  WARN 14796 --- [FLUX] [http-nio-8080-exec-2] .w.s.m.s.DefaultHandlerExceptionResolver : Resolved [org.springframework.http.converter.HttpMessageNotReadableException: JSON parse error: Cannot deserialize value of type `java.time.LocalDateTime` from String "2024-08-06T09:15:57.772Z": Failed to deserialize java.time.LocalDateTime: (java.time.format.DateTimeParseException) Text '2024-08-06T09:15:57.772Z' could not be parsed, unparsed text found at index 19]
2024-08-06T18:15:58.032+09:00  WARN 14796 --- [FLUX] [http-nio-8080-exec-1] .w.s.m.s.DefaultHandlerExceptionResolver : Resolved [org.springframework.http.converter.HttpMessageNotReadableException: JSON parse error: Cannot deserialize value of type `java.time.LocalDateTime` from String "2024-08-06T09:15:58.026Z": Failed to deserialize java.time.LocalDateTime: (java.time.format.DateTimeParseException) Text '2024-08-06T09:15:58.026Z' could not be parsed, unparsed text found at index 19]
2024-08-06T18:15:58.159+09:00  WARN 14796 --- [FLUX] [http-nio-8080-exec-4] .w.s.m.s.DefaultHandlerExceptionResolver : Resolved [org.springframework.http.converter.HttpMessageNotReadableException: JSON parse error: Cannot deserialize value of type `java.time.LocalDateTime` from String "2024-08-06T09:15:58.154Z": Failed to deserialize java.time.LocalDateTime: (java.time.format.DateTimeParseException) Text '2024-08-06T09:15:58.154Z' could not be parsed, unparsed text found at index 19]
2024-08-06T18:15:58.287+09:00  WARN 14796 --- [FLUX] [http-nio-8080-exec-3] .w.s.m.s.DefaultHandlerExceptionResolver : Resolved [org.springframework.http.converter.HttpMessageNotReadableException: JSON parse error: Cannot deserialize value of type `java.time.LocalDateTime` from String "2024-08-06T09:15:58.282Z": Failed to deserialize java.time.LocalDateTime: (java.time.format.DateTimeParseException) Text '2024-08-06T09:15:58.282Z' could not be parsed, unparsed text found at index 19]
2024-08-06T18:15:58.398+09:00  WARN 14796 --- [FLUX] [http-nio-8080-exec-5] .w.s.m.s.DefaultHandlerExceptionResolver : Resolved [org.springframework.http.converter.HttpMessageNotReadableException: JSON parse error: Cannot deserialize value of type `java.time.LocalDateTime` from String "2024-08-06T09:15:58.392Z": Failed to deserialize java.time.LocalDateTime: (java.time.format.DateTimeParseException) Text '2024-08-06T09:15:58.392Z' could not be parsed, unparsed text found at index 19]
2024-08-06T18:16:09.781+09:00  WARN 14796 --- [FLUX] [http-nio-8080-exec-8] .w.s.m.s.DefaultHandlerExceptionResolver : Resolved [org.springframework.http.converter.HttpMessageNotReadableException: JSON parse error: Cannot deserialize value of type `java.time.LocalDateTime` from String "2024-08-06T09:16:09.772Z": Failed to deserialize java.time.LocalDateTime: (java.time.format.DateTimeParseException) Text '2024-08-06T09:16:09.772Z' could not be parsed, unparsed text found at index 19]
2024-08-06T18:17:26.367+09:00  WARN 14796 --- [FLUX] [http-nio-8080-exec-4] .w.s.m.s.DefaultHandlerExceptionResolver : Resolved [org.springframework.http.converter.HttpMessageNotReadableException: JSON parse error: Cannot deserialize value of type `java.time.LocalDateTime` from String "2024-08-06T09:17:26.331Z": Failed to deserialize java.time.LocalDateTime: (java.time.format.DateTimeParseException) Text '2024-08-06T09:17:26.331Z' could not be parsed, unparsed text found at index 19]
2024-08-06T18:17:27.463+09:00  WARN 14796 --- [FLUX] [http-nio-8080-exec-3] .w.s.m.s.DefaultHandlerExceptionResolver : Resolved [org.springframework.http.converter.HttpMessageNotReadableException: JSON parse error: Cannot deserialize value of type `java.time.LocalDateTime` from String "2024-08-06T09:17:27.454Z": Failed to deserialize java.time.LocalDateTime: (java.time.format.DateTimeParseException) Text '2024-08-06T09:17:27.454Z' could not be parsed, unparsed text found at index 19]
2024-08-06T18:17:27.633+09:00  WARN 14796 --- [FLUX] [http-nio-8080-exec-5] .w.s.m.s.DefaultHandlerExceptionResolver : Resolved [org.springframework.http.converter.HttpMessageNotReadableException: JSON parse error: Cannot deserialize value of type `java.time.LocalDateTime` from String "2024-08-06T09:17:27.627Z": Failed to deserialize java.time.LocalDateTime: (java.time.format.DateTimeParseException) Text '2024-08-06T09:17:27.627Z' could not be parsed, unparsed text found at index 19]
2024-08-06T18:17:27.934+09:00  WARN 14796 --- [FLUX] [http-nio-8080-exec-6] .w.s.m.s.DefaultHandlerExceptionResolver : Resolved [org.springframework.http.converter.HttpMessageNotReadableException: JSON parse error: Cannot deserialize value of type `java.time.LocalDateTime` from String "2024-08-06T09:17:27.926Z": Failed to deserialize java.time.LocalDateTime: (java.time.format.DateTimeParseException) Text '2024-08-06T09:17:27.926Z' could not be parsed, unparsed text found at index 19]
2024-08-06T18:17:28.104+09:00  WARN 14796 --- [FLUX] [http-nio-8080-exec-7] .w.s.m.s.DefaultHandlerExceptionResolver : Resolved [org.springframework.http.converter.HttpMessageNotReadableException: JSON parse error: Cannot deserialize value of type `java.time.LocalDateTime` from String "2024-08-06T09:17:28.096Z": Failed to deserialize java.time.LocalDateTime: (java.time.format.DateTimeParseException) Text '2024-08-06T09:17:28.096Z' could not be parsed, unparsed text found at index 19]
2024-08-06T18:17:31.802+09:00  WARN 14796 --- [FLUX] [http-nio-8080-exec-10] .w.s.m.s.DefaultHandlerExceptionResolver : Resolved [org.springframework.http.converter.HttpMessageNotReadableException: JSON parse error: Cannot deserialize value of type `java.time.LocalDateTime` from String "2024-08-06T09:17:31.789Z": Failed to deserialize java.time.LocalDateTime: (java.time.format.DateTimeParseException) Text '2024-08-06T09:17:31.789Z' could not be parsed, unparsed text found at index 19]
2024-08-06T18:17:34.051+09:00  WARN 14796 --- [FLUX] [http-nio-8080-exec-1] .w.s.m.s.DefaultHandlerExceptionResolver : Resolved [org.springframework.http.converter.HttpMessageNotReadableException: JSON parse error: Cannot deserialize value of type `java.time.LocalDateTime` from String "2024-08-06T09:17:34.042Z": Failed to deserialize java.time.LocalDateTime: (java.time.format.DateTimeParseException) Text '2024-08-06T09:17:34.042Z' could not be parsed, unparsed text found at index 19]
2024-08-06T18:17:34.983+09:00  WARN 14796 --- [FLUX] [http-nio-8080-exec-4] .w.s.m.s.DefaultHandlerExceptionResolver : Resolved [org.springframework.http.converter.HttpMessageNotReadableException: JSON parse error: Cannot deserialize value of type `java.time.LocalDateTime` from String "2024-08-06T09:17:34.974Z": Failed to deserialize java.time.LocalDateTime: (java.time.format.DateTimeParseException) Text '2024-08-06T09:17:34.974Z' could not be parsed, unparsed text found at index 19]
2024-08-06T18:17:35.138+09:00  WARN 14796 --- [FLUX] [http-nio-8080-exec-3] .w.s.m.s.DefaultHandlerExceptionResolver : Resolved [org.springframework.http.converter.HttpMessageNotReadableException: JSON parse error: Cannot deserialize value of type `java.time.LocalDateTime` from String "2024-08-06T09:17:35.133Z": Failed to deserialize java.time.LocalDateTime: (java.time.format.DateTimeParseException) Text '2024-08-06T09:17:35.133Z' could not be parsed, unparsed text found at index 19]
2024-08-06T18:17:35.287+09:00  WARN 14796 --- [FLUX] [http-nio-8080-exec-5] .w.s.m.s.DefaultHandlerExceptionResolver : Resolved [org.springframework.http.converter.HttpMessageNotReadableException: JSON parse error: Cannot deserialize value of type `java.time.LocalDateTime` from String "2024-08-06T09:17:35.281Z": Failed to deserialize java.time.LocalDateTime: (java.time.format.DateTimeParseException) Text '2024-08-06T09:17:35.281Z' could not be parsed, unparsed text found at index 19]
2024-08-06T18:17:35.427+09:00  WARN 14796 --- [FLUX] [http-nio-8080-exec-6] .w.s.m.s.DefaultHandlerExceptionResolver : Resolved [org.springframework.http.converter.HttpMessageNotReadableException: JSON parse error: Cannot deserialize value of type `java.time.LocalDateTime` from String "2024-08-06T09:17:35.421Z": Failed to deserialize java.time.LocalDateTime: (java.time.format.DateTimeParseException) Text '2024-08-06T09:17:35.421Z' could not be parsed, unparsed text found at index 19]
2024-08-06T18:17:35.566+09:00  WARN 14796 --- [FLUX] [http-nio-8080-exec-7] .w.s.m.s.DefaultHandlerExceptionResolver : Resolved [org.springframework.http.converter.HttpMessageNotReadableException: JSON parse error: Cannot deserialize value of type `java.time.LocalDateTime` from String "2024-08-06T09:17:35.561Z": Failed to deserialize java.time.LocalDateTime: (java.time.format.DateTimeParseException) Text '2024-08-06T09:17:35.561Z' could not be parsed, unparsed text found at index 19]
2024-08-06T18:17:35.711+09:00  WARN 14796 --- [FLUX] [http-nio-8080-exec-8] .w.s.m.s.DefaultHandlerExceptionResolver : Resolved [org.springframework.http.converter.HttpMessageNotReadableException: JSON parse error: Cannot deserialize value of type `java.time.LocalDateTime` from String "2024-08-06T09:17:35.705Z": Failed to deserialize java.time.LocalDateTime: (java.time.format.DateTimeParseException) Text '2024-08-06T09:17:35.705Z' could not be parsed, unparsed text found at index 19]
2024-08-06T18:17:52.281+09:00  WARN 14796 --- [FLUX] [http-nio-8080-exec-3] .w.s.m.s.DefaultHandlerExceptionResolver : Resolved [org.springframework.http.converter.HttpMessageNotReadableException: JSON parse error: Cannot deserialize value of type `java.time.LocalDateTime` from String "2024-08-06T09:17:52.267Z": Failed to deserialize java.time.LocalDateTime: (java.time.format.DateTimeParseException) Text '2024-08-06T09:17:52.267Z' could not be parsed, unparsed text found at index 19]
2024-08-06T18:19:26.008+09:00  WARN 14796 --- [FLUX] [http-nio-8080-exec-7] .w.s.m.s.DefaultHandlerExceptionResolver : Resolved [org.springframework.http.converter.HttpMessageNotReadableException: JSON parse error: Cannot deserialize value of type `java.time.LocalDateTime` from String "2024-08-06T09:19:25.979Z": Failed to deserialize java.time.LocalDateTime: (java.time.format.DateTimeParseException) Text '2024-08-06T09:19:25.979Z' could not be parsed, unparsed text found at index 19]
2024-08-06T18:19:32.157+09:00  WARN 14796 --- [FLUX] [http-nio-8080-exec-10] .w.s.m.s.DefaultHandlerExceptionResolver : Resolved [org.springframework.http.converter.HttpMessageNotReadableException: JSON parse error: Cannot deserialize value of type `java.time.LocalDateTime` from String "2024-08-06T09:19:32.127Z": Failed to deserialize java.time.LocalDateTime: (java.time.format.DateTimeParseException) Text '2024-08-06T09:19:32.127Z' could not be parsed, unparsed text found at index 19]
2024-08-06T18:19:43.268+09:00  WARN 14796 --- [FLUX] [http-nio-8080-exec-9] .w.s.m.s.DefaultHandlerExceptionResolver : Resolved [org.springframework.http.converter.HttpMessageNotReadableException: JSON parse error: Cannot deserialize value of type `java.time.LocalDateTime` from String "2024-08-06T09:19:43.253Z": Failed to deserialize java.time.LocalDateTime: (java.time.format.DateTimeParseException) Text '2024-08-06T09:19:43.253Z' could not be parsed, unparsed text found at index 19]
2024-08-06T18:21:37.836+09:00  WARN 14796 --- [FLUX] [http-nio-8080-exec-5] .w.s.m.s.DefaultHandlerExceptionResolver : Resolved [org.springframework.http.converter.HttpMessageNotReadableException: JSON parse error: Cannot deserialize value of type `java.time.LocalDateTime` from String "2024-08-06T09:21:37.750Z": Failed to deserialize java.time.LocalDateTime: (java.time.format.DateTimeParseException) Text '2024-08-06T09:21:37.750Z' could not be parsed, unparsed text found at index 19]
2024-08-06T18:21:46.633+09:00  WARN 14796 --- [FLUX] [http-nio-8080-exec-9] .w.s.m.s.DefaultHandlerExceptionResolver : Resolved [org.springframework.http.converter.HttpMessageNotReadableException: JSON parse error: Cannot deserialize value of type `java.time.LocalDateTime` from String "2024-08-06T09:21:46.583Z": Failed to deserialize java.time.LocalDateTime: (java.time.format.DateTimeParseException) Text '2024-08-06T09:21:46.583Z' could not be parsed, unparsed text found at index 19]
2024-08-06T18:21:51.464+09:00  WARN 14796 --- [FLUX] [http-nio-8080-exec-2] .w.s.m.s.DefaultHandlerExceptionResolver : Resolved [org.springframework.http.converter.HttpMessageNotReadableException: JSON parse error: Cannot deserialize value of type `java.time.LocalDateTime` from String "2024-08-06T09:21:51.451Z": Failed to deserialize java.time.LocalDateTime: (java.time.format.DateTimeParseException) Text '2024-08-06T09:21:51.451Z' could not be parsed, unparsed text found at index 19]
2024-08-06T18:23:48.785+09:00  WARN 14796 --- [FLUX] [http-nio-8080-exec-4] .w.s.m.s.DefaultHandlerExceptionResolver : Resolved [org.springframework.http.converter.HttpMessageNotReadableException: JSON parse error: Cannot deserialize value of type `java.time.LocalDateTime` from String "2024-08-06T09:23:48.750Z": Failed to deserialize java.time.LocalDateTime: (java.time.format.DateTimeParseException) Text '2024-08-06T09:23:48.750Z' could not be parsed, unparsed text found at index 19]
2024-08-06T18:23:50.347+09:00  WARN 14796 --- [FLUX] [http-nio-8080-exec-3] .w.s.m.s.DefaultHandlerExceptionResolver : Resolved [org.springframework.http.converter.HttpMessageNotReadableException: JSON parse error: Cannot deserialize value of type `java.time.LocalDateTime` from String "2024-08-06T09:23:50.340Z": Failed to deserialize java.time.LocalDateTime: (java.time.format.DateTimeParseException) Text '2024-08-06T09:23:50.340Z' could not be parsed, unparsed text found at index 19]
2024-08-06T18:23:50.502+09:00  WARN 14796 --- [FLUX] [http-nio-8080-exec-5] .w.s.m.s.DefaultHandlerExceptionResolver : Resolved [org.springframework.http.converter.HttpMessageNotReadableException: JSON parse error: Cannot deserialize value of type `java.time.LocalDateTime` from String "2024-08-06T09:23:50.496Z": Failed to deserialize java.time.LocalDateTime: (java.time.format.DateTimeParseException) Text '2024-08-06T09:23:50.496Z' could not be parsed, unparsed text found at index 19]
2024-08-06T18:23:50.672+09:00  WARN 14796 --- [FLUX] [http-nio-8080-exec-6] .w.s.m.s.DefaultHandlerExceptionResolver : Resolved [org.springframework.http.converter.HttpMessageNotReadableException: JSON parse error: Cannot deserialize value of type `java.time.LocalDateTime` from String "2024-08-06T09:23:50.663Z": Failed to deserialize java.time.LocalDateTime: (java.time.format.DateTimeParseException) Text '2024-08-06T09:23:50.663Z' could not be parsed, unparsed text found at index 19]
2024-08-06T18:23:55.132+09:00  WARN 14796 --- [FLUX] [http-nio-8080-exec-8] .w.s.m.s.DefaultHandlerExceptionResolver : Resolved [org.springframework.http.converter.HttpMessageNotReadableException: JSON parse error: Cannot deserialize value of type `java.time.LocalDateTime` from String "2024-08-06T09:23:55.107Z": Failed to deserialize java.time.LocalDateTime: (java.time.format.DateTimeParseException) Text '2024-08-06T09:23:55.107Z' could not be parsed, unparsed text found at index 19]
2024-08-06T18:28:18.632+09:00  INFO 14796 --- [FLUX] [SpringApplicationShutdownHook] j.LocalContainerEntityManagerFactoryBean : Closing JPA EntityManagerFactory for persistence unit 'default'
2024-08-06T18:28:19.033+09:00  INFO 14796 --- [FLUX] [SpringApplicationShutdownHook] com.zaxxer.hikari.HikariDataSource       : HikariPool-1 - Shutdown initiated...
2024-08-06T18:28:19.110+09:00  INFO 14796 --- [FLUX] [SpringApplicationShutdownHook] com.zaxxer.hikari.HikariDataSource       : HikariPool-1 - Shutdown completed.
2024-08-06T20:57:08.291+09:00  INFO 6072 --- [FLUX] [main] com.flux.FluxApplication                 : Starting FluxApplication using Java 17.0.10 with PID 6072 (C:\Users\USER\Desktop\Flux_BackServer\build\classes\java\main started by USER in C:\Users\USER\Desktop\Flux_BackServer)
2024-08-06T20:57:08.297+09:00  INFO 6072 --- [FLUX] [main] com.flux.FluxApplication                 : No active profile set, falling back to 1 default profile: "default"
2024-08-06T20:57:09.819+09:00  INFO 6072 --- [FLUX] [main] .s.d.r.c.RepositoryConfigurationDelegate : Bootstrapping Spring Data JPA repositories in DEFAULT mode.
2024-08-06T20:57:09.923+09:00  INFO 6072 --- [FLUX] [main] .s.d.r.c.RepositoryConfigurationDelegate : Finished Spring Data repository scanning in 90 ms. Found 4 JPA repository interfaces.
2024-08-06T20:57:10.871+09:00  INFO 6072 --- [FLUX] [main] o.s.b.w.embedded.tomcat.TomcatWebServer  : Tomcat initialized with port 8080 (http)
2024-08-06T20:57:10.887+09:00  INFO 6072 --- [FLUX] [main] o.apache.catalina.core.StandardService   : Starting service [Tomcat]
2024-08-06T20:57:10.887+09:00  INFO 6072 --- [FLUX] [main] o.apache.catalina.core.StandardEngine    : Starting Servlet engine: [Apache Tomcat/10.1.26]
2024-08-06T20:57:10.976+09:00  INFO 6072 --- [FLUX] [main] o.a.c.c.C.[Tomcat].[localhost].[/]       : Initializing Spring embedded WebApplicationContext
2024-08-06T20:57:10.976+09:00  INFO 6072 --- [FLUX] [main] w.s.c.ServletWebServerApplicationContext : Root WebApplicationContext: initialization completed in 2465 ms
2024-08-06T20:57:11.243+09:00  INFO 6072 --- [FLUX] [main] o.hibernate.jpa.internal.util.LogHelper  : HHH000204: Processing PersistenceUnitInfo [name: default]
2024-08-06T20:57:11.371+09:00  INFO 6072 --- [FLUX] [main] org.hibernate.Version                    : HHH000412: Hibernate ORM core version 6.5.2.Final
2024-08-06T20:57:11.449+09:00  INFO 6072 --- [FLUX] [main] o.h.c.internal.RegionFactoryInitiator    : HHH000026: Second-level cache disabled
2024-08-06T20:57:12.116+09:00  INFO 6072 --- [FLUX] [main] o.s.o.j.p.SpringPersistenceUnitInfo      : No LoadTimeWeaver setup: ignoring JPA class transformer
2024-08-06T20:57:12.165+09:00  INFO 6072 --- [FLUX] [main] com.zaxxer.hikari.HikariDataSource       : HikariPool-1 - Starting...
2024-08-06T20:57:13.222+09:00  INFO 6072 --- [FLUX] [main] com.zaxxer.hikari.pool.HikariPool        : HikariPool-1 - Added connection com.mysql.cj.jdbc.ConnectionImpl@6377d5
2024-08-06T20:57:13.226+09:00  INFO 6072 --- [FLUX] [main] com.zaxxer.hikari.HikariDataSource       : HikariPool-1 - Start completed.
2024-08-06T20:57:13.516+09:00  WARN 6072 --- [FLUX] [main] org.hibernate.orm.deprecation            : HHH90000025: MySQLDialect does not need to be specified explicitly using 'hibernate.dialect' (remove the property setting and it will be selected by default)
2024-08-06T20:57:15.362+09:00  INFO 6072 --- [FLUX] [main] o.h.e.t.j.p.i.JtaPlatformInitiator       : HHH000489: No JTA platform available (set 'hibernate.transaction.jta.platform' to enable JTA platform integration)
2024-08-06T20:57:15.981+09:00  INFO 6072 --- [FLUX] [main] j.LocalContainerEntityManagerFactoryBean : Initialized JPA EntityManagerFactory for persistence unit 'default'
2024-08-06T20:57:16.772+09:00  WARN 6072 --- [FLUX] [main] JpaBaseConfiguration$JpaWebConfiguration : spring.jpa.open-in-view is enabled by default. Therefore, database queries may be performed during view rendering. Explicitly configure spring.jpa.open-in-view to disable this warning
2024-08-06T20:57:17.617+09:00  INFO 6072 --- [FLUX] [main] o.s.b.w.embedded.tomcat.TomcatWebServer  : Tomcat started on port 8080 (http) with context path '/'
2024-08-06T20:57:17.631+09:00  INFO 6072 --- [FLUX] [main] com.flux.FluxApplication                 : Started FluxApplication in 10.45 seconds (process running for 13.832)
2024-08-06T20:59:15.143+09:00  INFO 6072 --- [FLUX] [http-nio-8080-exec-1] o.a.c.c.C.[Tomcat].[localhost].[/]       : Initializing Spring DispatcherServlet 'dispatcherServlet'
2024-08-06T20:59:15.161+09:00  INFO 6072 --- [FLUX] [http-nio-8080-exec-1] o.s.web.servlet.DispatcherServlet        : Initializing Servlet 'dispatcherServlet'
2024-08-06T20:59:15.187+09:00  INFO 6072 --- [FLUX] [http-nio-8080-exec-1] o.s.web.servlet.DispatcherServlet        : Completed initialization in 25 ms
2024-08-06T20:59:30.646+09:00  WARN 6072 --- [FLUX] [http-nio-8080-exec-9] .w.s.m.s.DefaultHandlerExceptionResolver : Resolved [org.springframework.http.converter.HttpMessageNotReadableException: JSON parse error: Cannot deserialize value of type `java.time.LocalDateTime` from String "2024-08-06T11:59:30.600Z": Failed to deserialize java.time.LocalDateTime: (java.time.format.DateTimeParseException) Text '2024-08-06T11:59:30.600Z' could not be parsed, unparsed text found at index 19]
2024-08-06T20:59:47.908+09:00  WARN 6072 --- [FLUX] [http-nio-8080-exec-1] .w.s.m.s.DefaultHandlerExceptionResolver : Resolved [org.springframework.http.converter.HttpMessageNotReadableException: JSON parse error: Cannot deserialize value of type `java.time.LocalDateTime` from String "2024-08-06T11:59:47.883Z": Failed to deserialize java.time.LocalDateTime: (java.time.format.DateTimeParseException) Text '2024-08-06T11:59:47.883Z' could not be parsed, unparsed text found at index 19]
2024-08-06T21:02:16.520+09:00  WARN 6072 --- [FLUX] [http-nio-8080-exec-6] .w.s.m.s.DefaultHandlerExceptionResolver : Resolved [org.springframework.http.converter.HttpMessageNotReadableException: JSON parse error: Cannot deserialize value of type `java.time.LocalDateTime` from String "2024-08-06T12:02:16.477Z": Failed to deserialize java.time.LocalDateTime: (java.time.format.DateTimeParseException) Text '2024-08-06T12:02:16.477Z' could not be parsed, unparsed text found at index 19]
2024-08-06T21:02:34.184+09:00  WARN 6072 --- [FLUX] [http-nio-8080-exec-1] .w.s.m.s.DefaultHandlerExceptionResolver : Resolved [org.springframework.http.converter.HttpMessageNotReadableException: JSON parse error: Cannot deserialize value of type `java.time.LocalDateTime` from String "2024-08-06T12:02:34.159Z": Failed to deserialize java.time.LocalDateTime: (java.time.format.DateTimeParseException) Text '2024-08-06T12:02:34.159Z' could not be parsed, unparsed text found at index 19]
2024-08-06T21:21:26.431+09:00  INFO 6072 --- [FLUX] [SpringApplicationShutdownHook] j.LocalContainerEntityManagerFactoryBean : Closing JPA EntityManagerFactory for persistence unit 'default'
2024-08-06T21:21:27.242+09:00  INFO 6072 --- [FLUX] [SpringApplicationShutdownHook] com.zaxxer.hikari.HikariDataSource       : HikariPool-1 - Shutdown initiated...
2024-08-06T21:21:27.507+09:00  INFO 6072 --- [FLUX] [SpringApplicationShutdownHook] com.zaxxer.hikari.HikariDataSource       : HikariPool-1 - Shutdown completed.
